生成启动时间为 2021/6/4 20:12:49。
     1>项目“D:\hh\5-27\5-27\5-27.vcxproj”在节点 2 上(Build 个目标)。
     1>ClCompile:
         D:\vs2013\VC\bin\CL.exe /c /ZI /nologo /W3 /WX- /sdl /Od /Oy- /D _MBCS /Gm /EHsc /RTC1 /MDd /GS /fp:precise /Zc:wchar_t /Zc:forScope /Fo"Debug\\" /Fd"Debug\vc120.pdb" /Gd /TP /analyze- /errorReport:prompt main.cpp
         main.cpp
     1>d:\hh\5-27\5-27\main.cpp(274): error C2143: 语法错误 : 缺少“)”(在“;”的前面)
     1>d:\hh\5-27\5-27\main.cpp(274): error C2059: 语法错误:“)”
     1>d:\hh\5-27\5-27\main.cpp(276): error C2061: 语法错误: 标识符“p”
     1>d:\hh\5-27\5-27\main.cpp(277): error C2143: 语法错误 : 缺少“;”(在“{”的前面)
     1>d:\hh\5-27\5-27\main.cpp(277): error C2059: 语法错误:“{”
     1>d:\hh\5-27\5-27\main.cpp(277): error C2334: “{”的前面有意外标记；跳过明显的函数体
     1>d:\hh\5-27\5-27\main.cpp(290): fatal error C1004: 发现意外的文件尾
     1>已完成生成项目“D:\hh\5-27\5-27\5-27.vcxproj”(Build 个目标)的操作 - 失败。

生成失败。

已用时间 00:00:00.66
