生成启动时间为 2021/9/16 18:45:26。
     1>项目“D:\hh\9-13\9-13\9-13.vcxproj”在节点 2 上(Build 个目标)。
     1>ClCompile:
         D:\vs2013\VC\bin\CL.exe /c /ZI /nologo /W3 /WX- /sdl /Od /Oy- /D _MBCS /Gm /EHsc /RTC1 /MDd /GS /fp:precise /Zc:wchar_t /Zc:forScope /Fo"Debug\\" /Fd"Debug\vc120.pdb" /Gd /TP /analyze- /errorReport:prompt main.cpp test.cpp
         test.cpp
         main.cpp
     1>d:\hh\9-13\9-13\main.cpp(5): error C3861: “Add”:  找不到标识符
     1>d:\hh\9-13\9-13\main.cpp(6): error C3861: “Add”:  找不到标识符
         正在生成代码...
     1>已完成生成项目“D:\hh\9-13\9-13\9-13.vcxproj”(Build 个目标)的操作 - 失败。

生成失败。

已用时间 00:00:01.51
